[0719/114404.970:INFO:CONSOLE(133)] "Event handler of 'x-storagemutated-1' event must be added on the initial evaluation of worker script.", source: https://static.whatsapp.net/rsrc.php/v3/y_/r/pylHVb7pKIc.js?_nc_x=Ij3Wp8lg5Kz (133)
[0719/114405.103:INFO:CONSOLE(0)] "Error with Permissions-Policy header: Unrecognized feature: 'battery'.", source:  (0)
[0719/114405.104:INFO:CONSOLE(0)] "Error with Permissions-Policy header: Unrecognized feature: 'usb-unrestricted'.", source:  (0)
[0719/114409.612:INFO:CONSOLE(133)] "Event handler of 'x-storagemutated-1' event must be added on the initial evaluation of worker script.", source: https://static.whatsapp.net/rsrc.php/v3/y_/r/pylHVb7pKIc.js?_nc_x=Ij3Wp8lg5Kz (133)
[0719/114755.655:INFO:CONSOLE(133)] "Event handler of 'x-storagemutated-1' event must be added on the initial evaluation of worker script.", source: https://static.whatsapp.net/rsrc.php/v3/y_/r/pylHVb7pKIc.js?_nc_x=Ij3Wp8lg5Kz (133)
[0719/114755.775:INFO:CONSOLE(0)] "Error with Permissions-Policy header: Unrecognized feature: 'battery'.", source:  (0)
[0719/114755.776:INFO:CONSOLE(0)] "Error with Permissions-Policy header: Unrecognized feature: 'usb-unrestricted'.", source:  (0)
[0719/114807.847:INFO:CONSOLE(133)] "Event handler of 'x-storagemutated-1' event must be added on the initial evaluation of worker script.", source: https://static.whatsapp.net/rsrc.php/v3/y_/r/pylHVb7pKIc.js?_nc_x=Ij3Wp8lg5Kz (133)
[0719/114807.955:INFO:CONSOLE(0)] "Error with Permissions-Policy header: Unrecognized feature: 'battery'.", source:  (0)
[0719/114807.955:INFO:CONSOLE(0)] "Error with Permissions-Policy header: Unrecognized feature: 'usb-unrestricted'.", source:  (0)
[0719/114808.009:WARNING:backend_impl.cc(1759)] Destroying invalid entry.
[0719/114808.039:WARNING:backend_impl.cc(1759)] Destroying invalid entry.
[0719/114808.091:WARNING:backend_impl.cc(1759)] Destroying invalid entry.
[0719/114808.364:WARNING:backend_impl.cc(1759)] Destroying invalid entry.
[0719/114808.377:WARNING:backend_impl.cc(1759)] Destroying invalid entry.
[0719/114808.381:WARNING:backend_impl.cc(1759)] Destroying invalid entry.
[0719/114808.390:WARNING:backend_impl.cc(1759)] Destroying invalid entry.
[0719/114808.400:WARNING:backend_impl.cc(1759)] Destroying invalid entry.
[0719/115200.556:INFO:CONSOLE(133)] "Event handler of 'x-storagemutated-1' event must be added on the initial evaluation of worker script.", source: https://static.whatsapp.net/rsrc.php/v3/y_/r/pylHVb7pKIc.js?_nc_x=Ij3Wp8lg5Kz (133)
[0719/115200.676:INFO:CONSOLE(0)] "Error with Permissions-Policy header: Unrecognized feature: 'battery'.", source:  (0)
[0719/115200.677:INFO:CONSOLE(0)] "Error with Permissions-Policy header: Unrecognized feature: 'usb-unrestricted'.", source:  (0)
[0719/115955.160:INFO:CONSOLE(133)] "Event handler of 'x-storagemutated-1' event must be added on the initial evaluation of worker script.", source: https://static.whatsapp.net/rsrc.php/v3/y_/r/pylHVb7pKIc.js?_nc_x=Ij3Wp8lg5Kz (133)
[0719/115955.347:INFO:CONSOLE(0)] "Error with Permissions-Policy header: Unrecognized feature: 'battery'.", source:  (0)
[0719/115955.355:INFO:CONSOLE(0)] "Error with Permissions-Policy header: Unrecognized feature: 'usb-unrestricted'.", source:  (0)
[0719/120000.486:INFO:CONSOLE(133)] "Event handler of 'x-storagemutated-1' event must be added on the initial evaluation of worker script.", source: https://static.whatsapp.net/rsrc.php/v3/y_/r/pylHVb7pKIc.js?_nc_x=Ij3Wp8lg5Kz (133)
[0719/124901.492:INFO:CONSOLE(133)] "Event handler of 'x-storagemutated-1' event must be added on the initial evaluation of worker script.", source: https://static.whatsapp.net/rsrc.php/v3/y_/r/pylHVb7pKIc.js?_nc_x=Ij3Wp8lg5Kz (133)
[0719/124901.831:INFO:CONSOLE(0)] "Error with Permissions-Policy header: Unrecognized feature: 'battery'.", source:  (0)
[0719/124901.831:INFO:CONSOLE(0)] "Error with Permissions-Policy header: Unrecognized feature: 'usb-unrestricted'.", source:  (0)
[0719/124906.549:INFO:CONSOLE(133)] "Event handler of 'x-storagemutated-1' event must be added on the initial evaluation of worker script.", source: https://static.whatsapp.net/rsrc.php/v3/y_/r/pylHVb7pKIc.js?_nc_x=Ij3Wp8lg5Kz (133)
[0719/125351.854:INFO:CONSOLE(133)] "Event handler of 'x-storagemutated-1' event must be added on the initial evaluation of worker script.", source: https://static.whatsapp.net/rsrc.php/v3/y_/r/pylHVb7pKIc.js?_nc_x=Ij3Wp8lg5Kz (133)
[0719/125352.068:INFO:CONSOLE(0)] "Error with Permissions-Policy header: Unrecognized feature: 'battery'.", source:  (0)
[0719/125352.068:INFO:CONSOLE(0)] "Error with Permissions-Policy header: Unrecognized feature: 'usb-unrestricted'.", source:  (0)
[0719/131650.188:INFO:CONSOLE(133)] "Event handler of 'x-storagemutated-1' event must be added on the initial evaluation of worker script.", source: https://static.whatsapp.net/rsrc.php/v3/y_/r/pylHVb7pKIc.js?_nc_x=Ij3Wp8lg5Kz (133)
[0719/131650.396:INFO:CONSOLE(0)] "Error with Permissions-Policy header: Unrecognized feature: 'battery'.", source:  (0)
[0719/131650.408:INFO:CONSOLE(0)] "Error with Permissions-Policy header: Unrecognized feature: 'usb-unrestricted'.", source:  (0)
[0719/131654.963:INFO:CONSOLE(133)] "Event handler of 'x-storagemutated-1' event must be added on the initial evaluation of worker script.", source: https://static.whatsapp.net/rsrc.php/v3/y_/r/pylHVb7pKIc.js?_nc_x=Ij3Wp8lg5Kz (133)
[0719/133052.530:INFO:CONSOLE(133)] "Event handler of 'x-storagemutated-1' event must be added on the initial evaluation of worker script.", source: https://static.whatsapp.net/rsrc.php/v3/y_/r/pylHVb7pKIc.js?_nc_x=Ij3Wp8lg5Kz (133)
[0719/133052.717:INFO:CONSOLE(0)] "Error with Permissions-Policy header: Unrecognized feature: 'battery'.", source:  (0)
[0719/133052.718:INFO:CONSOLE(0)] "Error with Permissions-Policy header: Unrecognized feature: 'usb-unrestricted'.", source:  (0)
[0719/133057.522:INFO:CONSOLE(133)] "Event handler of 'x-storagemutated-1' event must be added on the initial evaluation of worker script.", source: https://static.whatsapp.net/rsrc.php/v3/y_/r/pylHVb7pKIc.js?_nc_x=Ij3Wp8lg5Kz (133)
[0719/133531.487:INFO:CONSOLE(133)] "Event handler of 'x-storagemutated-1' event must be added on the initial evaluation of worker script.", source: https://static.whatsapp.net/rsrc.php/v3/y_/r/pylHVb7pKIc.js?_nc_x=Ij3Wp8lg5Kz (133)
[0719/133531.653:INFO:CONSOLE(0)] "Error with Permissions-Policy header: Unrecognized feature: 'battery'.", source:  (0)
[0719/133531.654:INFO:CONSOLE(0)] "Error with Permissions-Policy header: Unrecognized feature: 'usb-unrestricted'.", source:  (0)
[0719/135951.725:INFO:CONSOLE(133)] "Event handler of 'x-storagemutated-1' event must be added on the initial evaluation of worker script.", source: https://static.whatsapp.net/rsrc.php/v3/y_/r/pylHVb7pKIc.js?_nc_x=Ij3Wp8lg5Kz (133)
[0719/135951.868:INFO:CONSOLE(0)] "Error with Permissions-Policy header: Unrecognized feature: 'battery'.", source:  (0)
[0719/135951.897:INFO:CONSOLE(0)] "Error with Permissions-Policy header: Unrecognized feature: 'usb-unrestricted'.", source:  (0)
[0719/135956.064:INFO:CONSOLE(133)] "Event handler of 'x-storagemutated-1' event must be added on the initial evaluation of worker script.", source: https://static.whatsapp.net/rsrc.php/v3/y_/r/pylHVb7pKIc.js?_nc_x=Ij3Wp8lg5Kz (133)
[0719/144050.680:INFO:CONSOLE(133)] "Event handler of 'x-storagemutated-1' event must be added on the initial evaluation of worker script.", source: https://static.whatsapp.net/rsrc.php/v3/y_/r/pylHVb7pKIc.js?_nc_x=Ij3Wp8lg5Kz (133)
[0719/144050.867:INFO:CONSOLE(0)] "Error with Permissions-Policy header: Unrecognized feature: 'battery'.", source:  (0)
[0719/144050.869:INFO:CONSOLE(0)] "Error with Permissions-Policy header: Unrecognized feature: 'usb-unrestricted'.", source:  (0)
[0719/144056.372:INFO:CONSOLE(133)] "Event handler of 'x-storagemutated-1' event must be added on the initial evaluation of worker script.", source: https://static.whatsapp.net/rsrc.php/v3/yl/r/TM-R6t7dJUm.js?_nc_x=Ij3Wp8lg5Kz (133)
[0719/144310.788:INFO:CONSOLE(133)] "Event handler of 'x-storagemutated-1' event must be added on the initial evaluation of worker script.", source: https://static.whatsapp.net/rsrc.php/v3/yl/r/TM-R6t7dJUm.js?_nc_x=Ij3Wp8lg5Kz (133)
[0719/144311.076:INFO:CONSOLE(0)] "Error with Permissions-Policy header: Unrecognized feature: 'battery'.", source:  (0)
[0719/144311.076:INFO:CONSOLE(0)] "Error with Permissions-Policy header: Unrecognized feature: 'usb-unrestricted'.", source:  (0)
[0719/144749.235:INFO:CONSOLE(133)] "Event handler of 'x-storagemutated-1' event must be added on the initial evaluation of worker script.", source: https://static.whatsapp.net/rsrc.php/v3/yl/r/TM-R6t7dJUm.js?_nc_x=Ij3Wp8lg5Kz (133)
[0719/144749.411:INFO:CONSOLE(0)] "Error with Permissions-Policy header: Unrecognized feature: 'battery'.", source:  (0)
[0719/144749.413:INFO:CONSOLE(0)] "Error with Permissions-Policy header: Unrecognized feature: 'usb-unrestricted'.", source:  (0)
[0719/145657.187:INFO:CONSOLE(133)] "Event handler of 'x-storagemutated-1' event must be added on the initial evaluation of worker script.", source: https://static.whatsapp.net/rsrc.php/v3/yl/r/TM-R6t7dJUm.js?_nc_x=Ij3Wp8lg5Kz (133)
[0719/145657.388:INFO:CONSOLE(0)] "Error with Permissions-Policy header: Unrecognized feature: 'battery'.", source:  (0)
[0719/145657.389:INFO:CONSOLE(0)] "Error with Permissions-Policy header: Unrecognized feature: 'usb-unrestricted'.", source:  (0)
[0719/145703.969:INFO:CONSOLE(133)] "Event handler of 'x-storagemutated-1' event must be added on the initial evaluation of worker script.", source: https://static.whatsapp.net/rsrc.php/v3/yl/r/TM-R6t7dJUm.js?_nc_x=Ij3Wp8lg5Kz (133)
[0719/150827.903:INFO:CONSOLE(133)] "Event handler of 'x-storagemutated-1' event must be added on the initial evaluation of worker script.", source: https://static.whatsapp.net/rsrc.php/v3/yl/r/TM-R6t7dJUm.js?_nc_x=Ij3Wp8lg5Kz (133)
[0719/150828.070:INFO:CONSOLE(0)] "Error with Permissions-Policy header: Unrecognized feature: 'battery'.", source:  (0)
[0719/150828.072:INFO:CONSOLE(0)] "Error with Permissions-Policy header: Unrecognized feature: 'usb-unrestricted'.", source:  (0)
[0719/150833.909:INFO:CONSOLE(133)] "Event handler of 'x-storagemutated-1' event must be added on the initial evaluation of worker script.", source: https://static.whatsapp.net/rsrc.php/v3/yl/r/TM-R6t7dJUm.js?_nc_x=Ij3Wp8lg5Kz (133)
[0719/151134.928:INFO:CONSOLE(133)] "Event handler of 'x-storagemutated-1' event must be added on the initial evaluation of worker script.", source: https://static.whatsapp.net/rsrc.php/v3/yl/r/TM-R6t7dJUm.js?_nc_x=Ij3Wp8lg5Kz (133)
[0719/151135.141:INFO:CONSOLE(0)] "Error with Permissions-Policy header: Unrecognized feature: 'battery'.", source:  (0)
[0719/151135.142:INFO:CONSOLE(0)] "Error with Permissions-Policy header: Unrecognized feature: 'usb-unrestricted'.", source:  (0)
[0719/151648.486:INFO:CONSOLE(133)] "Event handler of 'x-storagemutated-1' event must be added on the initial evaluation of worker script.", source: https://static.whatsapp.net/rsrc.php/v3/yl/r/TM-R6t7dJUm.js?_nc_x=Ij3Wp8lg5Kz (133)
[0719/151648.688:INFO:CONSOLE(0)] "Error with Permissions-Policy header: Unrecognized feature: 'battery'.", source:  (0)
[0719/151648.693:INFO:CONSOLE(0)] "Error with Permissions-Policy header: Unrecognized feature: 'usb-unrestricted'.", source:  (0)
[0719/151716.990:INFO:CONSOLE(133)] "Event handler of 'x-storagemutated-1' event must be added on the initial evaluation of worker script.", source: https://static.whatsapp.net/rsrc.php/v3/yl/r/TM-R6t7dJUm.js?_nc_x=Ij3Wp8lg5Kz (133)
[0719/151717.155:INFO:CONSOLE(0)] "Error with Permissions-Policy header: Unrecognized feature: 'battery'.", source:  (0)
[0719/151717.156:INFO:CONSOLE(0)] "Error with Permissions-Policy header: Unrecognized feature: 'usb-unrestricted'.", source:  (0)
[0719/153441.901:INFO:CONSOLE(133)] "Event handler of 'x-storagemutated-1' event must be added on the initial evaluation of worker script.", source: https://static.whatsapp.net/rsrc.php/v3/yl/r/TM-R6t7dJUm.js?_nc_x=Ij3Wp8lg5Kz (133)
[0719/153442.090:INFO:CONSOLE(0)] "Error with Permissions-Policy header: Unrecognized feature: 'battery'.", source:  (0)
[0719/153442.091:INFO:CONSOLE(0)] "Error with Permissions-Policy header: Unrecognized feature: 'usb-unrestricted'.", source:  (0)
[0719/153447.940:INFO:CONSOLE(133)] "Event handler of 'x-storagemutated-1' event must be added on the initial evaluation of worker script.", source: https://static.whatsapp.net/rsrc.php/v3/yl/r/TM-R6t7dJUm.js?_nc_x=Ij3Wp8lg5Kz (133)
[0719/161017.751:INFO:CONSOLE(133)] "Event handler of 'x-storagemutated-1' event must be added on the initial evaluation of worker script.", source: https://static.whatsapp.net/rsrc.php/v3/yl/r/TM-R6t7dJUm.js?_nc_x=Ij3Wp8lg5Kz (133)
[0719/161017.935:INFO:CONSOLE(0)] "Error with Permissions-Policy header: Unrecognized feature: 'battery'.", source:  (0)
[0719/161017.936:INFO:CONSOLE(0)] "Error with Permissions-Policy header: Unrecognized feature: 'usb-unrestricted'.", source:  (0)
[0719/161024.648:INFO:CONSOLE(133)] "Event handler of 'x-storagemutated-1' event must be added on the initial evaluation of worker script.", source: https://static.whatsapp.net/rsrc.php/v3/yl/r/TM-R6t7dJUm.js?_nc_x=Ij3Wp8lg5Kz (133)
[0719/161647.232:INFO:CONSOLE(133)] "Event handler of 'x-storagemutated-1' event must be added on the initial evaluation of worker script.", source: https://static.whatsapp.net/rsrc.php/v3/yl/r/TM-R6t7dJUm.js?_nc_x=Ij3Wp8lg5Kz (133)
[0719/161647.419:INFO:CONSOLE(0)] "Error with Permissions-Policy header: Unrecognized feature: 'battery'.", source:  (0)
[0719/161647.419:INFO:CONSOLE(0)] "Error with Permissions-Policy header: Unrecognized feature: 'usb-unrestricted'.", source:  (0)
[0719/163208.252:ERROR:gpu_process_host.cc(1002)] GPU process exited unexpectedly: exit_code=1
[0719/163208.252:WARNING:gpu_process_host.cc(1436)] The GPU process has crashed 1 time(s)
[0719/173641.935:INFO:CONSOLE(133)] "Event handler of 'x-storagemutated-1' event must be added on the initial evaluation of worker script.", source: https://static.whatsapp.net/rsrc.php/v3/yl/r/TM-R6t7dJUm.js?_nc_x=Ij3Wp8lg5Kz (133)
[0719/173642.187:INFO:CONSOLE(0)] "Error with Permissions-Policy header: Unrecognized feature: 'battery'.", source:  (0)
[0719/173642.187:INFO:CONSOLE(0)] "Error with Permissions-Policy header: Unrecognized feature: 'usb-unrestricted'.", source:  (0)
[0719/173650.055:INFO:CONSOLE(133)] "Event handler of 'x-storagemutated-1' event must be added on the initial evaluation of worker script.", source: https://static.whatsapp.net/rsrc.php/v3/yl/r/TM-R6t7dJUm.js?_nc_x=Ij3Wp8lg5Kz (133)
[0719/185954.975:INFO:CONSOLE(133)] "Event handler of 'x-storagemutated-1' event must be added on the initial evaluation of worker script.", source: https://static.whatsapp.net/rsrc.php/v3/yl/r/TM-R6t7dJUm.js?_nc_x=Ij3Wp8lg5Kz (133)
[0719/185955.253:INFO:CONSOLE(0)] "Error with Permissions-Policy header: Unrecognized feature: 'battery'.", source:  (0)
[0719/185955.254:INFO:CONSOLE(0)] "Error with Permissions-Policy header: Unrecognized feature: 'usb-unrestricted'.", source:  (0)
[0719/190004.534:INFO:CONSOLE(133)] "Event handler of 'x-storagemutated-1' event must be added on the initial evaluation of worker script.", source: https://static.whatsapp.net/rsrc.php/v3/yl/r/TM-R6t7dJUm.js?_nc_x=Ij3Wp8lg5Kz (133)
[0719/190640.962:INFO:CONSOLE(133)] "Event handler of 'x-storagemutated-1' event must be added on the initial evaluation of worker script.", source: https://static.whatsapp.net/rsrc.php/v3/yl/r/TM-R6t7dJUm.js?_nc_x=Ij3Wp8lg5Kz (133)
[0719/190641.259:INFO:CONSOLE(0)] "Error with Permissions-Policy header: Unrecognized feature: 'battery'.", source:  (0)
[0719/190641.259:INFO:CONSOLE(0)] "Error with Permissions-Policy header: Unrecognized feature: 'usb-unrestricted'.", source:  (0)
[0719/201451.461:INFO:CONSOLE(133)] "Event handler of 'x-storagemutated-1' event must be added on the initial evaluation of worker script.", source: https://static.whatsapp.net/rsrc.php/v3/yl/r/TM-R6t7dJUm.js?_nc_x=Ij3Wp8lg5Kz (133)
[0719/201451.734:INFO:CONSOLE(0)] "Error with Permissions-Policy header: Unrecognized feature: 'battery'.", source:  (0)
[0719/201451.734:INFO:CONSOLE(0)] "Error with Permissions-Policy header: Unrecognized feature: 'usb-unrestricted'.", source:  (0)
[0719/201458.203:INFO:CONSOLE(133)] "Event handler of 'x-storagemutated-1' event must be added on the initial evaluation of worker script.", source: https://static.whatsapp.net/rsrc.php/v3/yT/r/9xFJfxqpfjR.js?_nc_x=Ij3Wp8lg5Kz (133)
